Not searching for unused variables given on the command line.
[36m--[0m The C compiler identification is GNU 9.4.0
[36m--[0m The CXX compiler identification is GNU 9.4.0
[36m--[0m Check for working C compiler: /usr/lib/ccache/cc
[36m--[0m Check for working C compiler: /usr/lib/ccache/cc -- works
[36m--[0m Detecting C compiler ABI info
[36m--[0m Detecting C compiler ABI info - done
[36m--[0m Detecting C compile features
[36m--[0m Detecting C compile features - done
[36m--[0m Check for working CXX compiler: /usr/lib/ccache/c++
[36m--[0m Check for working CXX compiler: /usr/lib/ccache/c++ -- works
[36m--[0m Detecting CXX compiler ABI info
[36m--[0m Detecting CXX compiler ABI info - done
[36m--[0m Detecting CXX compile features
[36m--[0m Detecting CXX compile features - done
[36m--[0m Using CATKIN_DEVEL_PREFIX: /home/nimish/drone_ws/devel/.private/darknet_ros_msgs
[36m--[0m Using CMAKE_PREFIX_PATH: /home/nimish/drone_ws/devel;/home/nimish/catkin_ws/devel_isolated/ydlidar_ros;/home/nimish/catkin_ws/devel_isolated/move_base;/home/nimish/catkin_ws/devel_isolated/rotate_recovery;/home/nimish/catkin_ws/devel_isolated/global_planner;/home/nimish/catkin_ws/devel_isolated/navfn;/home/nimish/catkin_ws/devel_isolated/move_slow_and_clear;/home/nimish/catkin_ws/devel_isolated/dwa_local_planner;/home/nimish/catkin_ws/devel_isolated/clear_costmap_recovery;/home/nimish/catkin_ws/devel_isolated/carrot_planner;/home/nimish/catkin_ws/devel_isolated/base_local_planner;/home/nimish/catkin_ws/devel_isolated/nav_core;/home/nimish/catkin_ws/devel_isolated/costmap_2d;/home/nimish/catkin_ws/devel_isolated/voxel_grid;/home/nimish/catkin_ws/devel_isolated/tutorial_controller;/home/nimish/catkin_ws/devel_isolated/turtlebot3_teleop;/home/nimish/catkin_ws/devel_isolated/turtlebot3_slam;/home/nimish/catkin_ws/devel_isolated/turtlebot3_simulations;/home/nimish/catkin_ws/devel_isolated/turtlebot3_navigation;/home/nimish/catkin_ws/devel_isolated/turtlebot3_fake;/home/nimish/catkin_ws/devel_isolated/turtlebot3_example;/home/nimish/catkin_ws/devel_isolated/turtlebot3_bringup;/home/nimish/catkin_ws/devel_isolated/turtlebot3_msgs;/home/nimish/catkin_ws/devel_isolated/turtlebot3_gazebo;/home/nimish/catkin_ws/devel_isolated/turtlebot3_description;/home/nimish/catkin_ws/devel_isolated/turtlebot3_autorace_driving;/home/nimish/catkin_ws/devel_isolated/turtlebot3_autorace_msgs;/home/nimish/catkin_ws/devel_isolated/turtlebot3_autorace_detect;/home/nimish/catkin_ws/devel_isolated/turtlebot3_autorace_core;/home/nimish/catkin_ws/devel_isolated/turtlebot3_autorace_camera;/home/nimish/catkin_ws/devel_isolated/turtlebot3_autorace_2020;/home/nimish/catkin_ws/devel_isolated/turtlebot3;/home/nimish/catkin_ws/devel_isolated/test_mavros;/home/nimish/catkin_ws/devel_isolated/ros_tutorial1;/home/nimish/catkin_ws/devel_isolated/ros_lab_7;/home/nimish/catkin_ws/devel_isolated/ros_lab_5;/home/nimish/catkin_ws/devel_isolated/ros_lab_3;/home/nimish/catkin_ws/devel_isolated/ros_control_center;/home/nimish/catkin_ws/devel_isolated/ros_autonomous_slam;/home/nimish/catkin_ws/devel_isolated/robot_web_gui;/home/nimish/catkin_ws/devel_isolated/navigation;/home/nimish/catkin_ws/devel_isolated/mavros_extras;/home/nimish/catkin_ws/devel_isolated/mavros;/home/nimish/catkin_ws/devel_isolated/mavros_msgs;/home/nimish/catkin_ws/devel_isolated/libmavconn;/home/nimish/catkin_ws/devel_isolated/amcl;/home/nimish/catkin_ws/devel_isolated/map_server;/home/nimish/catkin_ws/devel_isolated/iq_sim;/home/nimish/catkin_ws/devel_isolated/gazebo_ros_pkgs;/home/nimish/catkin_ws/devel_isolated/gazebo_ros_control;/home/nimish/catkin_ws/devel_isolated/gazebo_plugins;/home/nimish/catkin_ws/devel_isolated/gazebo_ros;/home/nimish/catkin_ws/devel_isolated/gazebo_msgs;/home/nimish/catkin_ws/devel_isolated/gazebo_dev;/home/nimish/catkin_ws/devel_isolated/fake_localization;/home/nimish/catkin_ws/devel_isolated/darknet_ros;/home/nimish/catkin_ws/devel_isolated/darknet_ros_msgs;/home/nimish/catkin_ws/devel;/opt/ros/noetic;/home/nimish/catkin_ws/devel_isolated/mavlink
[36m--[0m This workspace overlays: /home/nimish/drone_ws/devel;/home/nimish/catkin_ws/devel_isolated/ydlidar_ros;/home/nimish/catkin_ws/devel_isolated/move_base;/home/nimish/catkin_ws/devel_isolated/rotate_recovery;/home/nimish/catkin_ws/devel_isolated/global_planner;/home/nimish/catkin_ws/devel_isolated/navfn;/home/nimish/catkin_ws/devel_isolated/move_slow_and_clear;/home/nimish/catkin_ws/devel_isolated/dwa_local_planner;/home/nimish/catkin_ws/devel_isolated/clear_costmap_recovery;/home/nimish/catkin_ws/devel_isolated/carrot_planner;/home/nimish/catkin_ws/devel_isolated/base_local_planner;/home/nimish/catkin_ws/devel_isolated/nav_core;/home/nimish/catkin_ws/devel_isolated/costmap_2d;/home/nimish/catkin_ws/devel_isolated/voxel_grid;/home/nimish/catkin_ws/devel_isolated/tutorial_controller;/home/nimish/catkin_ws/devel_isolated/turtlebot3_teleop;/home/nimish/catkin_ws/devel_isolated/turtlebot3_slam;/home/nimish/catkin_ws/devel_isolated/turtlebot3_simulations;/home/nimish/catkin_ws/devel_isolated/turtlebot3_navigation;/home/nimish/catkin_ws/devel_isolated/turtlebot3_fake;/home/nimish/catkin_ws/devel_isolated/turtlebot3_example;/home/nimish/catkin_ws/devel_isolated/turtlebot3_bringup;/home/nimish/catkin_ws/devel_isolated/turtlebot3_msgs;/home/nimish/catkin_ws/devel_isolated/turtlebot3_gazebo;/home/nimish/catkin_ws/devel_isolated/turtlebot3_description;/home/nimish/catkin_ws/devel_isolated/turtlebot3_autorace_driving;/home/nimish/catkin_ws/devel_isolated/turtlebot3_autorace_msgs;/home/nimish/catkin_ws/devel_isolated/turtlebot3_autorace_detect;/home/nimish/catkin_ws/devel_isolated/turtlebot3_autorace_core;/home/nimish/catkin_ws/devel_isolated/turtlebot3_autorace_camera;/home/nimish/catkin_ws/devel_isolated/turtlebot3_autorace_2020;/home/nimish/catkin_ws/devel_isolated/turtlebot3;/home/nimish/catkin_ws/devel_isolated/test_mavros;/home/nimish/catkin_ws/devel_isolated/ros_tutorial1;/home/nimish/catkin_ws/devel_isolated/ros_lab_7;/home/nimish/catkin_ws/devel_isolated/ros_lab_5;/home/nimish/catkin_ws/devel_isolated/ros_lab_3;/home/nimish/catkin_ws/devel_isolated/ros_control_center;/home/nimish/catkin_ws/devel_isolated/ros_autonomous_slam;/home/nimish/catkin_ws/devel_isolated/robot_web_gui;/home/nimish/catkin_ws/devel_isolated/navigation;/home/nimish/catkin_ws/devel_isolated/mavros_extras;/home/nimish/catkin_ws/devel_isolated/mavros;/home/nimish/catkin_ws/devel_isolated/mavros_msgs;/home/nimish/catkin_ws/devel_isolated/libmavconn;/home/nimish/catkin_ws/devel_isolated/amcl;/home/nimish/catkin_ws/devel_isolated/map_server;/home/nimish/catkin_ws/devel_isolated/iq_sim;/home/nimish/catkin_ws/devel_isolated/gazebo_ros_pkgs;/home/nimish/catkin_ws/devel_isolated/gazebo_ros_control;/home/nimish/catkin_ws/devel_isolated/gazebo_plugins;/home/nimish/catkin_ws/devel_isolated/gazebo_ros;/home/nimish/catkin_ws/devel_isolated/gazebo_msgs;/home/nimish/catkin_ws/devel_isolated/gazebo_dev;/home/nimish/catkin_ws/devel_isolated/fake_localization;/home/nimish/catkin_ws/devel_isolated/darknet_ros;/home/nimish/catkin_ws/devel_isolated/darknet_ros_msgs;/home/nimish/catkin_ws/devel;/opt/ros/noetic
[36m--[0m Found PythonInterp: /usr/bin/python3 (found suitable version "3.8.10", minimum required is "3")
[36m--[0m Using PYTHON_EXECUTABLE: /usr/bin/python3
[36m--[0m Using Debian Python package layout
[36m--[0m Found PY_em: /home/nimish/.local/lib/python3.8/site-packages/em.py
[36m--[0m Using empy: /home/nimish/.local/lib/python3.8/site-packages/em.py
[36m--[0m Using CATKIN_ENABLE_TESTING: ON
[36m--[0m Call enable_testing()
[36m--[0m Using CATKIN_TEST_RESULTS_DIR: /home/nimish/drone_ws/build/darknet_ros_msgs/test_results
[36m--[0m Forcing gtest/gmock from source, though one was otherwise available.
[36m--[0m Found gtest sources under '/usr/src/googletest': gtests will be built
[36m--[0m Found gmock sources under '/usr/src/googletest': gmock will be built
[36m--[0m Found PythonInterp: /usr/bin/python3 (found version "3.8.10")
[36m--[0m Found Threads: TRUE
[36m--[0m Using Python nosetests: /usr/bin/nosetests3
[36m--[0m catkin 0.8.10
[36m--[0m BUILD_SHARED_LIBS is on
[36m--[0m Using these message generators: gencpp;geneus;genlisp;gennodejs;genpy
[36m--[0m Generating .msg files for action darknet_ros_msgs/CheckForObjects /home/nimish/drone_ws/src/darknet_ros/darknet_ros_msgs/action/CheckForObjects.action
Generating for action CheckForObjects
[36m--[0m darknet_ros_msgs: 10 messages, 0 services
[36m--[0m Configuring done
[36m--[0m Generating done
[36m--[0m Build files have been written to: /home/nimish/drone_ws/build/darknet_ros_msgs
